[
    {
        "kismet.alert.definition.header": "KISMET",
        "kismet.alert.definition.description": "Server events",
        "kismet.alert.definition.phyid": -1,
        "kismet.alert.definition.limit_unit": 3,
        "kismet.alert.definition.limit_rate": 0,
        "kismet.alert.definition.burst_unit": 3,
        "kismet.alert.definition.limit_burst": 0,
        "kismet.alert.definition.burst_sent": 0,
        "kismet.alert.definition.total_sent": 0,
        "kismet.alert.definition.time_last": 0.0
    },
    {
        "kismet.alert.definition.header": "DHCPCLIENTID",
        "kismet.alert.definition.description": "A DHCP client sending a DHCP Discovery packet should provide a Client-ID tag (Tag 61) which matches the source MAC of the packet.  A client which fails to do so may be attempting to exhaust the DHCP pool with spoofed requests.",
        "kismet.alert.definition.phyid": -2,
        "kismet.alert.definition.limit_unit": 1,
        "kismet.alert.definition.limit_rate": 5,
        "kismet.alert.definition.burst_unit": 0,
        "kismet.alert.definition.limit_burst": 1,
        "kismet.alert.definition.burst_sent": 0,
        "kismet.alert.definition.total_sent": 0,
        "kismet.alert.definition.time_last": 0.0
    },
    {
        "kismet.alert.definition.header": "NETSTUMBLER",
        "kismet.alert.definition.description": "Netstumbler (and similar older Windows tools) may generate unique beacons which can be used to identify these tools in use.  These tools and the cards which generate these frames are uncommon.",
        "kismet.alert.definition.phyid": 0,
        "kismet.alert.definition.limit_unit": 1,
        "kismet.alert.definition.limit_rate": 5,
        "kismet.alert.definition.burst_unit": 0,
        "kismet.alert.definition.limit_burst": 1,
        "kismet.alert.definition.burst_sent": 0,
        "kismet.alert.definition.total_sent": 0,
        "kismet.alert.definition.time_last": 0.0
    },
    {
        "kismet.alert.definition.header": "NULLPROBERESP",
        "kismet.alert.definition.description": "A probe response with a SSID length of 0 can be used to crash the firmware in specific older Orinoco cards.  These cards are unlikely to be in use in modern systems.",
        "kismet.alert.definition.phyid": 0,
        "kismet.alert.definition.limit_unit": 1,
        "kismet.alert.definition.limit_rate": 5,
        "kismet.alert.definition.burst_unit": 0,
        "kismet.alert.definition.limit_burst": 1,
        "kismet.alert.definition.burst_sent": 0,
        "kismet.alert.definition.total_sent": 0,
        "kismet.alert.definition.time_last": 0.0
    },
    {
        "kismet.alert.definition.header": "LUCENTTEST",
        "kismet.alert.definition.description": "Specific Lucent Orinoco test tools generate identifiable frames, which can indicate these tools are in use.  These tools and the cards which generate these frames are uncommon.",
        "kismet.alert.definition.phyid": 0,
        "kismet.alert.definition.limit_unit": 1,
        "kismet.alert.definition.limit_rate": 5,
        "kismet.alert.definition.burst_unit": 0,
        "kismet.alert.definition.limit_burst": 1,
        "kismet.alert.definition.burst_sent": 0,
        "kismet.alert.definition.total_sent": 0,
        "kismet.alert.definition.time_last": 0.0
    },
    {
        "kismet.alert.definition.header": "MSFBCOMSSID",
        "kismet.alert.definition.description": "Old versions of the Broadcom Windows drivers (and Linux NDIS drivers) are vulnerable to overflow exploits.  The Metasploit framework can attack these vulnerabilities.  These drivers are unlikely to be found in modern systems, but seeing these malformed frames indicates an attempted attack is occurring.",
        "kismet.alert.definition.phyid": 0,
        "kismet.alert.definition.limit_unit": 1,
        "kismet.alert.definition.limit_rate": 5,
        "kismet.alert.definition.burst_unit": 0,
        "kismet.alert.definition.limit_burst": 1,
        "kismet.alert.definition.burst_sent": 0,
        "kismet.alert.definition.total_sent": 0,
        "kismet.alert.definition.time_last": 0.0
    },
    {
        "kismet.alert.definition.header": "MSFDLINKRATE",
        "kismet.alert.definition.description": "Old versions of the D-Link Windows drivers are vulnerable to malformed rate fields.  The Metasploit framework can attack these vulnerabilities.  These drivers are unlikely to be found in modern systems, but seeing these malformed frames indicates an attempted attack is occurring.",
        "kismet.alert.definition.phyid": 0,
        "kismet.alert.definition.limit_unit": 1,
        "kismet.alert.definition.limit_rate": 5,
        "kismet.alert.definition.burst_unit": 0,
        "kismet.alert.definition.limit_burst": 1,
        "kismet.alert.definition.burst_sent": 0,
        "kismet.alert.definition.total_sent": 0,
        "kismet.alert.definition.time_last": 0.0
    },
    {
        "kismet.alert.definition.header": "MSFNETGEARBEACON",
        "kismet.alert.definition.description": "Old versions of the Netgear windows drivers are vulnerable to malformed beacons.  The Metasploit framework can attack these vulnerabilities.  These drivers are unlikely to be found in modern systems, but seeing these malformed frames indicates an attempted attack is occurring.",
        "kismet.alert.definition.phyid": 0,
        "kismet.alert.definition.limit_unit": 1,
        "kismet.alert.definition.limit_rate": 5,
        "kismet.alert.definition.burst_unit": 0,
        "kismet.alert.definition.limit_burst": 1,
        "kismet.alert.definition.burst_sent": 0,
        "kismet.alert.definition.total_sent": 0,
        "kismet.alert.definition.time_last": 0.0
    },
    {
        "kismet.alert.definition.header": "LONGSSID",
        "kismet.alert.definition.description": "The Wi-Fi standard allows for 32 characters in a SSID. Historically, some drivers have had vulnerabilities related to invalid over-long SSID fields.  Seeing these frames indicates that significant corruption or an attempted attack is occurring.",
        "kismet.alert.definition.phyid": 0,
        "kismet.alert.definition.limit_unit": 1,
        "kismet.alert.definition.limit_rate": 5,
        "kismet.alert.definition.burst_unit": 0,
        "kismet.alert.definition.limit_burst": 1,
        "kismet.alert.definition.burst_sent": 0,
        "kismet.alert.definition.total_sent": 0,
        "kismet.alert.definition.time_last": 0.0
    },
    {
        "kismet.alert.definition.header": "DISCONCODEINVALID",
        "kismet.alert.definition.description": "The 802.11 specification defines reason codes for disconnect and deauthentication events.  Historically, various drivers have been reported to improperly handle invalid reason codes.  An invalid reason code indicates an improperly behaving device or an attempted attack.",
        "kismet.alert.definition.phyid": 0,
        "kismet.alert.definition.limit_unit": 1,
        "kismet.alert.definition.limit_rate": 5,
        "kismet.alert.definition.burst_unit": 0,
        "kismet.alert.definition.limit_burst": 1,
        "kismet.alert.definition.burst_sent": 0,
        "kismet.alert.definition.total_sent": 0,
        "kismet.alert.definition.time_last": 0.0
    },
    {
        "kismet.alert.definition.header": "DEAUTHCODEINVALID",
        "kismet.alert.definition.description": "The 802.11 specification defines reason codes for disconnect and deauthentication events.  Historically, various drivers have been reported to improperly handle invalid reason codes.  An invalid reason code indicates an improperly behaving device or an attempted attack.",
        "kismet.alert.definition.phyid": 0,
        "kismet.alert.definition.limit_unit": 1,
        "kismet.alert.definition.limit_rate": 5,
        "kismet.alert.definition.burst_unit": 0,
        "kismet.alert.definition.limit_burst": 1,
        "kismet.alert.definition.burst_sent": 0,
        "kismet.alert.definition.total_sent": 0,
        "kismet.alert.definition.time_last": 0.0
    },
    {
        "kismet.alert.definition.header": "WMMOVERFLOW",
        "kismet.alert.definition.description": "The Wi-Fi standard specifies 24 bytes for WMM IE tags.  Over-sized WMM fields may indicate an attempt to exploit bugs in Broadcom chipsets using the Broadpwn attack",
        "kismet.alert.definition.phyid": 0,
        "kismet.alert.definition.limit_unit": 1,
        "kismet.alert.definition.limit_rate": 10,
        "kismet.alert.definition.burst_unit": 0,
        "kismet.alert.definition.limit_burst": 1,
        "kismet.alert.definition.burst_sent": 0,
        "kismet.alert.definition.total_sent": 0,
        "kismet.alert.definition.time_last": 0.0
    },
    {
        "kismet.alert.definition.header": "CHANCHANGE",
        "kismet.alert.definition.description": "An access point has changed channel.  This may occur on enterprise equipment or on personal equipment with automatic channel selection, but may also indicate a spoofed or 'evil twin' network.",
        "kismet.alert.definition.phyid": 0,
        "kismet.alert.definition.limit_unit": 1,
        "kismet.alert.definition.limit_rate": 5,
        "kismet.alert.definition.burst_unit": 0,
        "kismet.alert.definition.limit_burst": 1,
        "kismet.alert.definition.burst_sent": 0,
        "kismet.alert.definition.total_sent": 0,
        "kismet.alert.definition.time_last": 0.0
    },
    {
        "kismet.alert.definition.header": "DHCPCONFLICT",
        "kismet.alert.definition.description": "A DHCP exchange was observed and a client was given an IP via DHCP, but is not using the assigned IP.  This may be a mis-configured client device, or may indicate client spoofing.",
        "kismet.alert.definition.phyid": 0,
        "kismet.alert.definition.limit_unit": 1,
        "kismet.alert.definition.limit_rate": 10,
        "kismet.alert.definition.burst_unit": 0,
        "kismet.alert.definition.limit_burst": 1,
        "kismet.alert.definition.burst_sent": 0,
        "kismet.alert.definition.total_sent": 0,
        "kismet.alert.definition.time_last": 0.0
    },
    {
        "kismet.alert.definition.header": "BCASTDISCON",
        "kismet.alert.definition.description": "A broadcast disconnect packet forces all clients on a network to disconnect.  While these may rarely occur in some environments, typically a broadcast disconnect indicates a denial of service attack or an attempt to attack the network encryption by forcing clients to reconnect.",
        "kismet.alert.definition.phyid": 0,
        "kismet.alert.definition.limit_unit": 1,
        "kismet.alert.definition.limit_rate": 5,
        "kismet.alert.definition.burst_unit": 0,
        "kismet.alert.definition.limit_burst": 2,
        "kismet.alert.definition.burst_sent": 0,
        "kismet.alert.definition.total_sent": 0,
        "kismet.alert.definition.time_last": 0.0
    },
    {
        "kismet.alert.definition.header": "AIRJACKSSID",
        "kismet.alert.definition.description": "Very old wireless tools used the SSID 'Airjack' while configuring card state.  It is very unlikely to see these tools in operation in modern environments.",
        "kismet.alert.definition.phyid": 0,
        "kismet.alert.definition.limit_unit": 1,
        "kismet.alert.definition.limit_rate": 5,
        "kismet.alert.definition.burst_unit": 0,
        "kismet.alert.definition.limit_burst": 1,
        "kismet.alert.definition.burst_sent": 0,
        "kismet.alert.definition.total_sent": 0,
        "kismet.alert.definition.time_last": 0.0
    },
    {
        "kismet.alert.definition.header": "CRYPTODROP",
        "kismet.alert.definition.description": "A previously encrypted SSID has stopped advertising encryption.  This may rarely occur when a network is reconfigured to an open state, but more likely indicates some form of network spoofing or 'evil twin' attack.",
        "kismet.alert.definition.phyid": 0,
        "kismet.alert.definition.limit_unit": 1,
        "kismet.alert.definition.limit_rate": 5,
        "kismet.alert.definition.burst_unit": 0,
        "kismet.alert.definition.limit_burst": 1,
        "kismet.alert.definition.burst_sent": 0,
        "kismet.alert.definition.total_sent": 0,
        "kismet.alert.definition.time_last": 0.0
    },
    {
        "kismet.alert.definition.header": "DHCPNAMECHANGE",
        "kismet.alert.definition.description": "The DHCP protocol allows clients to put the host name and DHCP client / vendor / operating system details in the DHCP Discovery packet.  These values should old change if the client has changed drastically (such as a dual-boot system with multiple operating systems).  Changing values can often indicate a client spoofing or MAC cloning attempt.",
        "kismet.alert.definition.phyid": 0,
        "kismet.alert.definition.limit_unit": 1,
        "kismet.alert.definition.limit_rate": 5,
        "kismet.alert.definition.burst_unit": 0,
        "kismet.alert.definition.limit_burst": 1,
        "kismet.alert.definition.burst_sent": 0,
        "kismet.alert.definition.total_sent": 0,
        "kismet.alert.definition.time_last": 0.0
    },
    {
        "kismet.alert.definition.header": "DHCPOSCHANGE",
        "kismet.alert.definition.description": "The DHCP protocol allows clients to put the host name and DHCP client / vendor / operating system details in the DHCP Discovery packet.  These values should old change if the client has changed drastically (such as a dual-boot system with multiple operating systems).  Changing values can often indicate a client spoofing or MAC cloning attempt.",
        "kismet.alert.definition.phyid": 0,
        "kismet.alert.definition.limit_unit": 1,
        "kismet.alert.definition.limit_rate": 5,
        "kismet.alert.definition.burst_unit": 0,
        "kismet.alert.definition.limit_burst": 1,
        "kismet.alert.definition.burst_sent": 0,
        "kismet.alert.definition.total_sent": 0,
        "kismet.alert.definition.time_last": 0.0
    },
    {
        "kismet.alert.definition.header": "ADHOCCONFLICT",
        "kismet.alert.definition.description": "The same SSID is being advertised as an access point and as an ad-hoc network.  This may indicate a misconfigured or misbehaving device, or could indicate an attempt at spoofing or an 'evil twin' attack.",
        "kismet.alert.definition.phyid": 0,
        "kismet.alert.definition.limit_unit": 1,
        "kismet.alert.definition.limit_rate": 5,
        "kismet.alert.definition.burst_unit": 0,
        "kismet.alert.definition.limit_burst": 1,
        "kismet.alert.definition.burst_sent": 0,
        "kismet.alert.definition.total_sent": 0,
        "kismet.alert.definition.time_last": 0.0
    },
    {
        "kismet.alert.definition.header": "APSPOOF",
        "kismet.alert.definition.description": "Kismet may be given a list of authorized MAC addresses for a SSID.  If a beacon or probe response is seen from a MAC address not listed in the authorized list, this alert will be raised.",
        "kismet.alert.definition.phyid": 0,
        "kismet.alert.definition.limit_unit": 1,
        "kismet.alert.definition.limit_rate": 10,
        "kismet.alert.definition.burst_unit": 0,
        "kismet.alert.definition.limit_burst": 1,
        "kismet.alert.definition.burst_sent": 0,
        "kismet.alert.definition.total_sent": 0,
        "kismet.alert.definition.time_last": 0.0
    },
    {
        "kismet.alert.definition.header": "DOT11D",
        "kismet.alert.definition.description": "Conflicting 802.11d (country code) data has been advertised by the same SSID.  It is unlikely this is a normal configuration change, and can indicate a spoofed or 'evil twin' network, or an attempt to perform a denial of service on clients by restricting their frequencies.  802.11d has been phased out and is unlikely to be seen on modern devices, but it is still supported by many systems.",
        "kismet.alert.definition.phyid": 0,
        "kismet.alert.definition.limit_unit": 1,
        "kismet.alert.definition.limit_rate": 5,
        "kismet.alert.definition.burst_unit": 0,
        "kismet.alert.definition.limit_burst": 1,
        "kismet.alert.definition.burst_sent": 0,
        "kismet.alert.definition.total_sent": 0,
        "kismet.alert.definition.time_last": 0.0
    },
    {
        "kismet.alert.definition.header": "BEACONRATE",
        "kismet.alert.definition.description": "The advertised beacon rate of a SSID has changed.  In an enterprise or multi-SSID environment this may indicate a normal configuration change, but can also indicate a spoofed or 'evil twin' network.",
        "kismet.alert.definition.phyid": 0,
        "kismet.alert.definition.limit_unit": 1,
        "kismet.alert.definition.limit_rate": 5,
        "kismet.alert.definition.burst_unit": 0,
        "kismet.alert.definition.limit_burst": 1,
        "kismet.alert.definition.burst_sent": 0,
        "kismet.alert.definition.total_sent": 0,
        "kismet.alert.definition.time_last": 0.0
    },
    {
        "kismet.alert.definition.header": "ADVCRYPTCHANGE",
        "kismet.alert.definition.description": "A SSID has changed the advertised supported encryption standards.  This may be a normal change when reconfiguring an access point, but can also indicate a spoofed or 'evil twin' attack.",
        "kismet.alert.definition.phyid": 0,
        "kismet.alert.definition.limit_unit": 1,
        "kismet.alert.definition.limit_rate": 5,
        "kismet.alert.definition.burst_unit": 0,
        "kismet.alert.definition.limit_burst": 1,
        "kismet.alert.definition.burst_sent": 0,
        "kismet.alert.definition.total_sent": 0,
        "kismet.alert.definition.time_last": 0.0
    },
    {
        "kismet.alert.definition.header": "MALFORMMGMT",
        "kismet.alert.definition.description": "Malformed management frames may indicate errors in the capture source driver (such as not discarding corrupted packets), but can also be indicative of an attempted attack against drivers which may not properly handle malformed frames.",
        "kismet.alert.definition.phyid": 0,
        "kismet.alert.definition.limit_unit": 1,
        "kismet.alert.definition.limit_rate": 5,
        "kismet.alert.definition.burst_unit": 0,
        "kismet.alert.definition.limit_burst": 1,
        "kismet.alert.definition.burst_sent": 0,
        "kismet.alert.definition.total_sent": 0,
        "kismet.alert.definition.time_last": 0.0
    },
    {
        "kismet.alert.definition.header": "WPSBRUTE",
        "kismet.alert.definition.description": "Excessive WPS events may indicate a malformed client, or an attack on the WPS system by a tool such as Reaver.",
        "kismet.alert.definition.phyid": 0,
        "kismet.alert.definition.limit_unit": 1,
        "kismet.alert.definition.limit_rate": 5,
        "kismet.alert.definition.burst_unit": 0,
        "kismet.alert.definition.limit_burst": 1,
        "kismet.alert.definition.burst_sent": 0,
        "kismet.alert.definition.total_sent": 0,
        "kismet.alert.definition.time_last": 0.0
    },
    {
        "kismet.alert.definition.header": "KARMAOUI",
        "kismet.alert.definition.description": "Probe responses from MAC addresses with an OUI of 00:13:37 often indicate an Karma AP impersonation attack.",
        "kismet.alert.definition.phyid": 0,
        "kismet.alert.definition.limit_unit": 1,
        "kismet.alert.definition.limit_rate": 5,
        "kismet.alert.definition.burst_unit": 0,
        "kismet.alert.definition.limit_burst": 1,
        "kismet.alert.definition.burst_sent": 0,
        "kismet.alert.definition.total_sent": 0,
        "kismet.alert.definition.time_last": 0.0
    },
    {
        "kismet.alert.definition.header": "OVERPOWERED",
        "kismet.alert.definition.description": "Signal levels are abnormally high, when using an external amplifier this could indicate that the gain is too high.  Over-amplified signals may miss packets entirely.",
        "kismet.alert.definition.phyid": 0,
        "kismet.alert.definition.limit_unit": 1,
        "kismet.alert.definition.limit_rate": 0,
        "kismet.alert.definition.burst_unit": 0,
        "kismet.alert.definition.limit_burst": 0,
        "kismet.alert.definition.burst_sent": 0,
        "kismet.alert.definition.total_sent": 0,
        "kismet.alert.definition.time_last": 0.0
    },
    {
        "kismet.alert.definition.header": "NONCEDEGRADE",
        "kismet.alert.definition.description": "A WPA handshake with an empty NONCE was observed; this could indicate a WPA degradation attack such as the vanhoefm attack against BSD (https://github.com/vanhoefm/blackhat17-pocs/tree/master/openbsd)",
        "kismet.alert.definition.phyid": 0,
        "kismet.alert.definition.limit_unit": 1,
        "kismet.alert.definition.limit_rate": 0,
        "kismet.alert.definition.burst_unit": 0,
        "kismet.alert.definition.limit_burst": 0,
        "kismet.alert.definition.burst_sent": 0,
        "kismet.alert.definition.total_sent": 0,
        "kismet.alert.definition.time_last": 0.0
    },
    {
        "kismet.alert.definition.header": "NONCEREUSE",
        "kismet.alert.definition.description": "A WPA handshake has attempted to re-use a previous nonce value; this may indicate an attack against the WPA keystream such as the vanhoefm KRACK attack (https://www.krackattacks.com/)",
        "kismet.alert.definition.phyid": -2,
        "kismet.alert.definition.limit_unit": 1,
        "kismet.alert.definition.limit_rate": 10,
        "kismet.alert.definition.burst_unit": 0,
        "kismet.alert.definition.limit_burst": 1,
        "kismet.alert.definition.burst_sent": 0,
        "kismet.alert.definition.total_sent": 0,
        "kismet.alert.definition.time_last": 0.0
    },
    {
        "kismet.alert.definition.header": "WMMTSPEC",
        "kismet.alert.definition.description": "Too many WMMTSPEC options were seen in a probe response; this may be triggered by CVE-2017-11013 as described at https://pleasestopnamingvulnerabilities.com/",
        "kismet.alert.definition.phyid": -2,
        "kismet.alert.definition.limit_unit": 1,
        "kismet.alert.definition.limit_rate": 10,
        "kismet.alert.definition.burst_unit": 0,
        "kismet.alert.definition.limit_burst": 1,
        "kismet.alert.definition.burst_sent": 0,
        "kismet.alert.definition.total_sent": 0,
        "kismet.alert.definition.time_last": 0.0
    },
    {
        "kismet.alert.definition.header": "RSNLOOP",
        "kismet.alert.definition.description": "Invalid RSN (802.11i) tags in beacon frames can be used to cause loops in some Atheros drivers, as described in CVE-2017-9714 and https://pleasestopnamingvulnerabilities.com/",
        "kismet.alert.definition.phyid": -2,
        "kismet.alert.definition.limit_unit": 1,
        "kismet.alert.definition.limit_rate": 5,
        "kismet.alert.definition.burst_unit": 0,
        "kismet.alert.definition.limit_burst": 1,
        "kismet.alert.definition.burst_sent": 0,
        "kismet.alert.definition.total_sent": 0,
        "kismet.alert.definition.time_last": 0.0
    },
    {
        "kismet.alert.definition.header": "BCOM11KCHAN",
        "kismet.alert.definition.description": "Invalid channels in 802.11k neighbor report frames can be used to exploit certain Broadcom HardMAC implementations, typically used in mobile devices, as described in https://bugs.chromium.org/p/project-zero/issues/detail?id=1289",
        "kismet.alert.definition.phyid": -2,
        "kismet.alert.definition.limit_unit": 1,
        "kismet.alert.definition.limit_rate": 10,
        "kismet.alert.definition.burst_unit": 0,
        "kismet.alert.definition.limit_burst": 1,
        "kismet.alert.definition.burst_sent": 0,
        "kismet.alert.definition.total_sent": 0,
        "kismet.alert.definition.time_last": 0.0
    },
    {
        "kismet.alert.definition.header": "BSSTIMESTAMP",
        "kismet.alert.definition.description": "An access point uses a high-precision timestamp in beacon frames to coordinate time-sensitive events. Vastly out of sequence timestamps for the same BSSID may indicate a spoofing or 'evil twin' style attack, however some APs may reset the timestamp regularly leading to a false positive.",
        "kismet.alert.definition.phyid": -2,
        "kismet.alert.definition.limit_unit": 1,
        "kismet.alert.definition.limit_rate": 5,
        "kismet.alert.definition.burst_unit": 0,
        "kismet.alert.definition.limit_burst": 1,
        "kismet.alert.definition.burst_sent": 0,
        "kismet.alert.definition.total_sent": 0,
        "kismet.alert.definition.time_last": 0.0
    },
    {
        "kismet.alert.definition.header": "SOURCEERROR",
        "kismet.alert.definition.description": "A data source encountered an error.  Depending on the source configuration Kismet may automatically attempt to re-open the source.",
        "kismet.alert.definition.phyid": -2,
        "kismet.alert.definition.limit_unit": 0,
        "kismet.alert.definition.limit_rate": 1,
        "kismet.alert.definition.burst_unit": 0,
        "kismet.alert.definition.limit_burst": 10,
        "kismet.alert.definition.burst_sent": 0,
        "kismet.alert.definition.total_sent": 0,
        "kismet.alert.definition.time_last": 0.0
    }
]
