[
    {
        "kismet.alert.channel": "",
        "kismet.alert.dest_mac": "00:00:00:00:00:00",
        "kismet.alert.device_key": "00_0",
        "kismet.alert.frequency": 0.0,
        "kismet.alert.header": "SOURCEERROR",
        "kismet.alert.location": {
            "kismet.common.location.alt": 0.0,
            "kismet.common.location.fix": 0,
            "kismet.common.location.heading": 0.0,
            "kismet.common.location.lat": 0.0,
            "kismet.common.location.lon": 0.0,
            "kismet.common.location.speed": 0.0,
            "kismet.common.location.time_sec": 0,
            "kismet.common.location.time_usec": 0,
            "kismet.common.location.valid": 0
        },
        "kismet.alert.other_mac": "00:00:00:00:00:00",
        "kismet.alert.phy_id": 4294967295,
        "kismet.alert.source_mac": "00:00:00:00:00:00",
        "kismet.alert.text": "Source wlx00c0ca7ea641 has encountered an error. Kismet will attempt to re-open the source in 5 seconds.  (1 failures)",
        "kismet.alert.timestamp": 1540531946.917971,
        "kismet.alert.transmitter_mac": "00:00:00:00:00:00"
    },
    {
        "kismet.alert.channel": "",
        "kismet.alert.dest_mac": "00:00:00:00:00:00",
        "kismet.alert.device_key": "00_0",
        "kismet.alert.frequency": 0.0,
        "kismet.alert.header": "SOURCEERROR",
        "kismet.alert.location": {
            "kismet.common.location.alt": 0.0,
            "kismet.common.location.fix": 0,
            "kismet.common.location.heading": 0.0,
            "kismet.common.location.lat": 0.0,
            "kismet.common.location.lon": 0.0,
            "kismet.common.location.speed": 0.0,
            "kismet.common.location.time_sec": 0,
            "kismet.common.location.time_usec": 0,
            "kismet.common.location.valid": 0
        },
        "kismet.alert.other_mac": "00:00:00:00:00:00",
        "kismet.alert.phy_id": 4294967295,
        "kismet.alert.source_mac": "00:00:00:00:00:00",
        "kismet.alert.text": "Source wlx00c0ca7ea641 has encountered an error. Kismet will attempt to re-open the source in 5 seconds.  (2 failures)",
        "kismet.alert.timestamp": 1540531952.002512,
        "kismet.alert.transmitter_mac": "00:00:00:00:00:00"
    },
    {
        "kismet.alert.channel": "",
        "kismet.alert.dest_mac": "00:00:00:00:00:00",
        "kismet.alert.device_key": "00_0",
        "kismet.alert.frequency": 0.0,
        "kismet.alert.header": "SOURCEOPEN",
        "kismet.alert.location": {
            "kismet.common.location.alt": 0.0,
            "kismet.common.location.fix": 0,
            "kismet.common.location.heading": 0.0,
            "kismet.common.location.lat": 0.0,
            "kismet.common.location.lon": 0.0,
            "kismet.common.location.speed": 0.0,
            "kismet.common.location.time_sec": 0,
            "kismet.common.location.time_usec": 0,
            "kismet.common.location.valid": 0
        },
        "kismet.alert.other_mac": "00:00:00:00:00:00",
        "kismet.alert.phy_id": 4294967295,
        "kismet.alert.source_mac": "00:00:00:00:00:00",
        "kismet.alert.text": "Source wlx00c0ca7ea641 successfully re-opened",
        "kismet.alert.timestamp": 1540531953.093072,
        "kismet.alert.transmitter_mac": "00:00:00:00:00:00"
    },
    {
        "kismet.alert.channel": "",
        "kismet.alert.dest_mac": "00:00:00:00:00:00",
        "kismet.alert.device_key": "00_0",
        "kismet.alert.frequency": 0.0,
        "kismet.alert.header": "SOURCEERROR",
        "kismet.alert.location": {
            "kismet.common.location.alt": 0.0,
            "kismet.common.location.fix": 0,
            "kismet.common.location.heading": 0.0,
            "kismet.common.location.lat": 0.0,
            "kismet.common.location.lon": 0.0,
            "kismet.common.location.speed": 0.0,
            "kismet.common.location.time_sec": 0,
            "kismet.common.location.time_usec": 0,
            "kismet.common.location.valid": 0
        },
        "kismet.alert.other_mac": "00:00:00:00:00:00",
        "kismet.alert.phy_id": 4294967295,
        "kismet.alert.source_mac": "00:00:00:00:00:00",
        "kismet.alert.text": "Source wlx00c0ca7ea641 has encountered an error. Kismet will attempt to re-open the source in 5 seconds.  (1 failures)",
        "kismet.alert.timestamp": 1540531957.784826,
        "kismet.alert.transmitter_mac": "00:00:00:00:00:00"
    },
    {
        "kismet.alert.channel": "",
        "kismet.alert.dest_mac": "00:00:00:00:00:00",
        "kismet.alert.device_key": "00_0",
        "kismet.alert.frequency": 0.0,
        "kismet.alert.header": "SOURCEOPEN",
        "kismet.alert.location": {
            "kismet.common.location.alt": 0.0,
            "kismet.common.location.fix": 0,
            "kismet.common.location.heading": 0.0,
            "kismet.common.location.lat": 0.0,
            "kismet.common.location.lon": 0.0,
            "kismet.common.location.speed": 0.0,
            "kismet.common.location.time_sec": 0,
            "kismet.common.location.time_usec": 0,
            "kismet.common.location.valid": 0
        },
        "kismet.alert.other_mac": "00:00:00:00:00:00",
        "kismet.alert.phy_id": 4294967295,
        "kismet.alert.source_mac": "00:00:00:00:00:00",
        "kismet.alert.text": "Source wlx00c0ca7ea641 successfully re-opened",
        "kismet.alert.timestamp": 1540531963.921643,
        "kismet.alert.transmitter_mac": "00:00:00:00:00:00"
    }
]
