{
    "dot11.device": {
        "dot11.device.advertised_ssid_map": {
            "372900682": {
                "dot11.advertisedssid.beacon": 1,
                "dot11.advertisedssid.beacon_info": "",
                "dot11.advertisedssid.beaconrate": 10,
                "dot11.advertisedssid.beacons_sec": 15,
                "dot11.advertisedssid.channel": "1",
                "dot11.advertisedssid.cloaked": 0,
                "dot11.advertisedssid.crypt_set": 402653890,
                "dot11.advertisedssid.dot11d_country": "CN",
                "dot11.advertisedssid.dot11d_list": [],
                "dot11.advertisedssid.dot11e_channel_utilization_perc": 0.0,
                "dot11.advertisedssid.dot11e_qbss": 0,
                "dot11.advertisedssid.dot11e_qbss_stations": 0,
                "dot11.advertisedssid.dot11r_mobility": 0,
                "dot11.advertisedssid.dot11r_mobility_domain_id": 0,
                "dot11.advertisedssid.first_time": 1540532333,
                "dot11.advertisedssid.ht_center_1": 0,
                "dot11.advertisedssid.ht_center_2": 0,
                "dot11.advertisedssid.ht_mode": "HT40+",
                "dot11.advertisedssid.ietag_checksum": 2790007474,
                "dot11.advertisedssid.last_time": 1540532388,
                "dot11.advertisedssid.maxrate": 450.0,
                "dot11.advertisedssid.probe_response": 1,
                "dot11.advertisedssid.ssid": "TP-LINK_F1E0",
                "dot11.advertisedssid.ssidlen": 12,
                "dot11.advertisedssid.wps_device_name": "",
                "dot11.advertisedssid.wps_manuf": "",
                "dot11.advertisedssid.wps_model_name": "",
                "dot11.advertisedssid.wps_model_number": "",
                "dot11.advertisedssid.wps_serial_number": "",
                "dot11.advertisedssid.wps_state": 0
            }
        },
        "dot11.device.associated_client_map": {},
        "dot11.device.bss_timestamp": 0,
        "dot11.device.client_disconnects": 0,
        "dot11.device.client_map": {},
        "dot11.device.datasize": 0,
        "dot11.device.datasize_retry": 0,
        "dot11.device.last_beacon_timestamp": 1540532372,
        "dot11.device.last_beaconed_ssid": "TP-LINK_F1E0",
        "dot11.device.last_beaconed_ssid_checksum": 372900682,
        "dot11.device.last_bssid": "20:6B:E7:B3:F1:E0",
        "dot11.device.last_probed_ssid": "",
        "dot11.device.last_probed_ssid_csum": 0,
        "dot11.device.last_sequence": 0,
        "dot11.device.num_advertised_ssids": 1,
        "dot11.device.num_associated_clients": 0,
        "dot11.device.num_client_aps": 0,
        "dot11.device.num_fragments": 0,
        "dot11.device.num_probed_ssids": 0,
        "dot11.device.num_retries": 0,
        "dot11.device.probed_ssid_map": {},
        "dot11.device.typeset": 1,
        "dot11.device.wpa_anonce_list": [],
        "dot11.device.wpa_handshake_list": [],
        "dot11.device.wpa_nonce_list": [],
        "dot11.device.wpa_present_handshake": 0,
        "dot11.device.wps_m3_count": 0,
        "dot11.device.wps_m3_last": 0
    },
    "kismet.device.base.basic_crypt_set": 2,
    "kismet.device.base.basic_type_set": 3,
    "kismet.device.base.channel": "1",
    "kismet.device.base.commonname": "TP-LINK_F1E0",
    "kismet.device.base.crypt": "",
    "kismet.device.base.datasize": 0,
    "kismet.device.base.first_time": 1540532199,
    "kismet.device.base.freq_khz_map": {
        "2412000.000000": 17.0
    },
    "kismet.device.base.frequency": 2412000.0,
    "kismet.device.base.key": "4202770D8207F047_E0F1B3E76B200000",
    "kismet.device.base.last_time": 1540532388,
    "kismet.device.base.macaddr": "20:6B:E7:B3:F1:E0",
    "kismet.device.base.manuf": "Unknown",
    "kismet.device.base.mod_time": 1540532389,
    "kismet.device.base.name": "TP-LINK_F1E0",
    "kismet.device.base.num_alerts": 0,
    "kismet.device.base.packets.crypt": 0,
    "kismet.device.base.packets.data": 0,
    "kismet.device.base.packets.error": 0,
    "kismet.device.base.packets.filtered": 0,
    "kismet.device.base.packets.llc": 17,
    "kismet.device.base.packets.rrd": {
        "kismet.common.rrd.aggregator": "default",
        "kismet.common.rrd.blank_val": 0,
        "kismet.common.rrd.day_vec": [
            0.0,
            0.0,
            0.0,
            0.0,
            0.0,
            0.0,
            0.0,
            0.0,
            0.0,
            0.0,
            0.0,
            0.0,
            0.0,
            0.0,
            0.0,
            0.0,
            0.0,
            0.0,
            0.0,
            0.0,
            0.0,
            0.0,
            0.0,
            0.0
        ],
        "kismet.common.rrd.hour_vec": [
            0.0,
            0.0,
            0.0,
            0.0,
            0.0,
            0.0,
            0.0,
            0.0,
            0.0,
            0.0,
            0.0,
            0.0,
            0.0,
            0.0,
            0.0,
            0.0,
            0.0,
            0.0,
            0.0,
            0.0,
            0.0,
            0.0,
            0.0,
            0.0,
            0.0,
            0.0,
            0.0,
            0.0,
            0.0,
            0.0,
            0.0,
            0.0,
            0.0,
            0.0,
            0.0,
            0.0,
            0.0,
            0.0,
            0.0,
            0.0,
            0.0,
            0.0,
            0.0,
            0.0,
            0.0,
            0.0,
            0.0,
            0.0,
            0.0,
            0.0,
            0.0,
            0.0,
            0.0,
            0.0,
            0.0,
            0.0,
            0.0,
            0.0,
            0.0,
            0.0
        ],
        "kismet.common.rrd.last_time": 1540532424,
        "kismet.common.rrd.minute_vec": [
            0.0,
            0.0,
            0.0,
            0.0,
            0.0,
            0.0,
            0.0,
            0.0,
            0.0,
            0.0,
            0.0,
            0.0,
            0.0,
            0.0,
            0.0,
            0.0,
            0.0,
            0.0,
            0.0,
            0.0,
            0.0,
            0.0,
            0.0,
            0.0,
            0.0,
            0.0,
            0.0,
            0.0,
            0.0,
            0.0,
            0.0,
            0.0,
            1.0,
            0.0,
            0.0,
            0.0,
            0.0,
            0.0,
            0.0,
            0.0,
            0.0,
            0.0,
            0.0,
            0.0,
            0.0,
            0.0,
            0.0,
            0.0,
            0.0,
            1.0,
            0.0,
            0.0,
            0.0,
            0.0,
            0.0,
            0.0,
            0.0,
            0.0,
            0.0,
            0.0
        ]
    },
    "kismet.device.base.packets.rx": 0,
    "kismet.device.base.packets.total": 17,
    "kismet.device.base.packets.tx": 0,
    "kismet.device.base.phyname": "IEEE802.11",
    "kismet.device.base.seenby": {
        "-1625028444": {
            "kismet.common.seenby.first_time": 1540532199,
            "kismet.common.seenby.freq_khz_map": {
                "2412000.000000": 17.0
            },
            "kismet.common.seenby.last_time": 1540532388,
            "kismet.common.seenby.num_packets": 17,
            "kismet.common.seenby.signal": {
                "kismet.common.signal.carrierset": 1,
                "kismet.common.signal.encodingset": 1,
                "kismet.common.signal.last_noise": 0,
                "kismet.common.signal.last_signal": -72,
                "kismet.common.signal.max_noise": 0,
                "kismet.common.signal.max_signal": 0,
                "kismet.common.signal.maxseenrate": 10.0,
                "kismet.common.signal.min_noise": 0,
                "kismet.common.signal.min_signal": -72,
                "kismet.common.signal.signal_rrd": {
                    "kismet.common.rrd.aggregator": "peak_signal",
                    "kismet.common.rrd.blank_val": 0,
                    "kismet.common.rrd.last_time": 1540532424,
                    "kismet.common.rrd.minute_vec": [
                        0.0,
                        0.0,
                        0.0,
                        0.0,
                        0.0,
                        0.0,
                        0.0,
                        0.0,
                        0.0,
                        0.0,
                        0.0,
                        0.0,
                        0.0,
                        0.0,
                        0.0,
                        0.0,
                        0.0,
                        0.0,
                        0.0,
                        0.0,
                        0.0,
                        0.0,
                        0.0,
                        0.0,
                        0.0,
                        0.0,
                        0.0,
                        0.0,
                        0.0,
                        0.0,
                        0.0,
                        0.0,
                        -69.0,
                        0.0,
                        0.0,
                        0.0,
                        0.0,
                        0.0,
                        0.0,
                        0.0,
                        0.0,
                        0.0,
                        0.0,
                        0.0,
                        0.0,
                        0.0,
                        0.0,
                        0.0,
                        0.0,
                        -72.0,
                        0.0,
                        0.0,
                        0.0,
                        0.0,
                        0.0,
                        0.0,
                        0.0,
                        0.0,
                        0.0,
                        0.0
                    ]
                },
                "kismet.common.signal.type": "dbm"
            },
            "kismet.common.seenby.uuid": "5fe308bd-0000-0000-0000-00c0ca7ea641"
        }
    },
    "kismet.device.base.server_uuid": "444bfa94-d369-11e8-82e1-4b49534d4554",
    "kismet.device.base.signal": {
        "kismet.common.signal.carrierset": 1,
        "kismet.common.signal.encodingset": 1,
        "kismet.common.signal.last_noise": 0,
        "kismet.common.signal.last_signal": -72,
        "kismet.common.signal.max_noise": 0,
        "kismet.common.signal.max_signal": 0,
        "kismet.common.signal.maxseenrate": 10.0,
        "kismet.common.signal.min_noise": 0,
        "kismet.common.signal.min_signal": -72,
        "kismet.common.signal.signal_rrd": {
            "kismet.common.rrd.aggregator": "peak_signal",
            "kismet.common.rrd.blank_val": 0,
            "kismet.common.rrd.last_time": 1540532424,
            "kismet.common.rrd.minute_vec": [
                0.0,
                0.0,
                0.0,
                0.0,
                0.0,
                0.0,
                0.0,
                0.0,
                0.0,
                0.0,
                0.0,
                0.0,
                0.0,
                0.0,
                0.0,
                0.0,
                0.0,
                0.0,
                0.0,
                0.0,
                0.0,
                0.0,
                0.0,
                0.0,
                0.0,
                0.0,
                0.0,
                0.0,
                0.0,
                0.0,
                0.0,
                0.0,
                -69.0,
                0.0,
                0.0,
                0.0,
                0.0,
                0.0,
                0.0,
                0.0,
                0.0,
                0.0,
                0.0,
                0.0,
                0.0,
                0.0,
                0.0,
                0.0,
                0.0,
                -72.0,
                0.0,
                0.0,
                0.0,
                0.0,
                0.0,
                0.0,
                0.0,
                0.0,
                0.0,
                0.0
            ]
        },
        "kismet.common.signal.type": "dbm"
    },
    "kismet.device.base.tags": {},
    "kismet.device.base.type": "Wi-Fi AP",
    "kismet.device.base.username": ""
}