{
    "kismet.channeltracker.channel_map": {},
    "kismet.channeltracker.frequency_map": {
        "2412000.000000": {
            "kismet.channelrec.channel": "",
            "kismet.channelrec.data_rrd": {
                "kismet.common.rrd.aggregator": "default",
                "kismet.common.rrd.blank_val": 0,
                "kismet.common.rrd.day_vec": [
                    0.0,
                    0.0,
                    0.0,
                    0.0,
                    0.0,
                    1109.0,
                    0.0,
                    0.0,
                    0.0,
                    0.0,
                    0.0,
                    0.0,
                    0.0,
                    0.0,
                    0.0,
                    0.0,
                    0.0,
                    0.0,
                    0.0,
                    0.0,
                    0.0,
                    0.0,
                    0.0,
                    0.0
                ],
                "kismet.common.rrd.hour_vec": [
                    0.0,
                    0.0,
                    0.0,
                    0.0,
                    0.0,
                    0.0,
                    0.0,
                    0.0,
                    0.0,
                    0.0,
                    0.0,
                    0.0,
                    0.0,
                    0.0,
                    0.0,
                    0.0,
                    0.0,
                    0.0,
                    0.0,
                    0.0,
                    0.0,
                    0.0,
                    0.0,
                    0.0,
                    0.0,
                    0.0,
                    0.0,
                    0.0,
                    0.0,
                    0.0,
                    0.0,
                    0.0,
                    2361.0,
                    6845.0,
                    6755.0,
                    9988.0,
                    7354.0,
                    7600.0,
                    8470.0,
                    6971.0,
                    6055.0,
                    4146.0,
                    0.0,
                    0.0,
                    0.0,
                    0.0,
                    0.0,
                    0.0,
                    0.0,
                    0.0,
                    0.0,
                    0.0,
                    0.0,
                    0.0,
                    0.0,
                    0.0,
                    0.0,
                    0.0,
                    0.0,
                    0.0
                ],
                "kismet.common.rrd.last_time": 1540532482,
                "kismet.common.rrd.minute_vec": [
                    2130.0,
                    4874.0,
                    2431.0,
                    2878.0,
                    862.0,
                    0.0,
                    1151.0,
                    2682.0,
                    2146.0,
                    4408.0,
                    1438.0,
                    434.0,
                    487.0,
                    672.0,
                    435.0,
                    577.0,
                    722.0,
                    1704.0,
                    755.0,
                    1080.0,
                    650.0,
                    4310.0,
                    399.0,
                    5263.0,
                    5801.0,
                    5804.0,
                    9976.0,
                    3949.0,
                    9245.0,
                    6928.0,
                    5950.0,
                    5939.0,
                    0.0,
                    3085.0,
                    3352.0,
                    8413.0,
                    2926.0,
                    3522.0,
                    5161.0,
                    3156.0,
                    9110.0,
                    3392.0,
                    5018.0,
                    12911.0,
                    6468.0,
                    4672.0,
                    8938.0,
                    4570.0,
                    6096.0,
                    5991.0,
                    4743.0,
                    5080.0,
                    4460.0,
                    6259.0,
                    11771.0,
                    6842.0,
                    3973.0,
                    8257.0,
                    2722.0,
                    1829.0
                ]
            },
            "kismet.channelrec.device_rrd": {
                "kismet.common.rrd.aggregator": "default",
                "kismet.common.rrd.blank_val": 0,
                "kismet.common.rrd.day_vec": [
                    0.0,
                    0.0,
                    0.0,
                    0.0,
                    0.0,
                    9.0,
                    0.0,
                    0.0,
                    0.0,
                    0.0,
                    0.0,
                    0.0,
                    0.0,
                    0.0,
                    0.0,
                    0.0,
                    0.0,
                    0.0,
                    0.0,
                    0.0,
                    0.0,
                    0.0,
                    0.0,
                    0.0
                ],
                "kismet.common.rrd.hour_vec": [
                    0.0,
                    0.0,
                    0.0,
                    0.0,
                    0.0,
                    0.0,
                    0.0,
                    0.0,
                    0.0,
                    0.0,
                    0.0,
                    0.0,
                    0.0,
                    0.0,
                    0.0,
                    0.0,
                    0.0,
                    0.0,
                    0.0,
                    0.0,
                    0.0,
                    0.0,
                    0.0,
                    0.0,
                    0.0,
                    0.0,
                    0.0,
                    0.0,
                    0.0,
                    0.0,
                    0.0,
                    0.0,
                    16.0,
                    60.0,
                    55.0,
                    57.0,
                    58.0,
                    55.0,
                    64.0,
                    66.0,
                    63.0,
                    51.0,
                    0.0,
                    0.0,
                    0.0,
                    0.0,
                    0.0,
                    0.0,
                    0.0,
                    0.0,
                    0.0,
                    0.0,
                    0.0,
                    0.0,
                    0.0,
                    0.0,
                    0.0,
                    0.0,
                    0.0,
                    0.0
                ],
                "kismet.common.rrd.last_time": 1540532482,
                "kismet.common.rrd.minute_vec": [
                    51.0,
                    57.0,
                    56.0,
                    49.0,
                    50.0,
                    44.0,
                    41.0,
                    40.0,
                    39.0,
                    40.0,
                    43.0,
                    33.0,
                    29.0,
                    30.0,
                    21.0,
                    20.0,
                    22.0,
                    25.0,
                    27.0,
                    30.0,
                    32.0,
                    28.0,
                    27.0,
                    57.0,
                    53.0,
                    60.0,
                    57.0,
                    59.0,
                    55.0,
                    57.0,
                    59.0,
                    61.0,
                    58.0,
                    52.0,
                    50.0,
                    50.0,
                    53.0,
                    56.0,
                    54.0,
                    48.0,
                    49.0,
                    52.0,
                    54.0,
                    56.0,
                    54.0,
                    52.0,
                    56.0,
                    62.0,
                    61.0,
                    61.0,
                    61.0,
                    57.0,
                    60.0,
                    58.0,
                    60.0,
                    68.0,
                    217.0,
                    62.0,
                    63.0,
                    60.0
                ]
            },
            "kismet.channelrec.frequency": 2412000.0,
            "kismet.channelrec.packets_rrd": {
                "kismet.common.rrd.aggregator": "default",
                "kismet.common.rrd.blank_val": 0,
                "kismet.common.rrd.day_vec": [
                    0.0,
                    0.0,
                    0.0,
                    0.0,
                    0.0,
                    40.0,
                    0.0,
                    0.0,
                    0.0,
                    0.0,
                    0.0,
                    0.0,
                    0.0,
                    0.0,
                    0.0,
                    0.0,
                    0.0,
                    0.0,
                    0.0,
                    0.0,
                    0.0,
                    0.0,
                    0.0,
                    0.0
                ],
                "kismet.common.rrd.hour_vec": [
                    0.0,
                    0.0,
                    0.0,
                    0.0,
                    0.0,
                    0.0,
                    0.0,
                    0.0,
                    0.0,
                    0.0,
                    0.0,
                    0.0,
                    0.0,
                    0.0,
                    0.0,
                    0.0,
                    0.0,
                    0.0,
                    0.0,
                    0.0,
                    0.0,
                    0.0,
                    0.0,
                    0.0,
                    0.0,
                    0.0,
                    0.0,
                    0.0,
                    0.0,
                    0.0,
                    0.0,
                    0.0,
                    126.0,
                    323.0,
                    318.0,
                    366.0,
                    172.0,
                    138.0,
                    222.0,
                    260.0,
                    258.0,
                    220.0,
                    0.0,
                    0.0,
                    0.0,
                    0.0,
                    0.0,
                    0.0,
                    0.0,
                    0.0,
                    0.0,
                    0.0,
                    0.0,
                    0.0,
                    0.0,
                    0.0,
                    0.0,
                    0.0,
                    0.0,
                    0.0
                ],
                "kismet.common.rrd.last_time": 1540532482,
                "kismet.common.rrd.minute_vec": [
                    91.0,
                    161.0,
                    142.0,
                    188.0,
                    40.0,
                    183.0,
                    209.0,
                    223.0,
                    300.0,
                    223.0,
                    179.0,
                    173.0,
                    204.0,
                    109.0,
                    231.0,
                    241.0,
                    188.0,
                    224.0,
                    180.0,
                    182.0,
                    138.0,
                    214.0,
                    263.0,
                    181.0,
                    184.0,
                    196.0,
                    274.0,
                    165.0,
                    212.0,
                    306.0,
                    307.0,
                    270.0,
                    0.0,
                    201.0,
                    293.0,
                    244.0,
                    171.0,
                    193.0,
                    174.0,
                    264.0,
                    241.0,
                    199.0,
                    299.0,
                    316.0,
                    232.0,
                    330.0,
                    209.0,
                    277.0,
                    222.0,
                    215.0,
                    310.0,
                    208.0,
                    213.0,
                    319.0,
                    346.0,
                    404.0,
                    175.0,
                    339.0,
                    230.0,
                    219.0
                ]
            },
            "kismet.channelrec.signal": {
                "kismet.common.signal.carrierset": 0,
                "kismet.common.signal.encodingset": 0,
                "kismet.common.signal.last_noise": 0,
                "kismet.common.signal.last_signal": -33,
                "kismet.common.signal.max_noise": 0,
                "kismet.common.signal.max_signal": 0,
                "kismet.common.signal.maxseenrate": 0.0,
                "kismet.common.signal.min_noise": 0,
                "kismet.common.signal.min_signal": -33,
                "kismet.common.signal.type": "dbm"
            }
        }
    }
}
