{
    "dot11.device": {
        "dot11.device.advertised_ssid_map": {},
        "dot11.device.associated_client_map": {},
        "dot11.device.bss_timestamp": 0,
        "dot11.device.client_disconnects": 0,
        "dot11.device.client_map": {
            "70:BA:EF:E8:E4:D0": {
                "dot11.client.bssid": "70:BA:EF:E8:E4:D0",
                "dot11.client.bssid_key": "4202770D8207F047_D0E4E8EFBA700000",
                "dot11.client.cdp_device": "",
                "dot11.client.cdp_port": "",
                "dot11.client.datasize": 0,
                "dot11.client.datasize_retry": 276,
                "dot11.client.decrypted": 0,
                "dot11.client.dhcp_host": "",
                "dot11.client.dhcp_vendor": "",
                "dot11.client.eap_identity": "",
                "dot11.client.first_time": 1540532282,
                "dot11.client.last_time": 1540532416,
                "dot11.client.num_fragments": 0,
                "dot11.client.num_retries": 6,
                "dot11.client.rx_cryptset": 0,
                "dot11.client.tx_cryptset": 0,
                "dot11.client.type": 0
            },
            "74:1F:4A:0C:34:50": {
                "dot11.client.bssid": "74:1F:4A:0C:34:50",
                "dot11.client.bssid_key": "4202770D8207F047_50340C4A1F740000",
                "dot11.client.cdp_device": "",
                "dot11.client.cdp_port": "",
                "dot11.client.datasize": 0,
                "dot11.client.datasize_retry": 194,
                "dot11.client.decrypted": 0,
                "dot11.client.dhcp_host": "",
                "dot11.client.dhcp_vendor": "",
                "dot11.client.eap_identity": "",
                "dot11.client.first_time": 1540531954,
                "dot11.client.last_time": 1540532019,
                "dot11.client.num_fragments": 0,
                "dot11.client.num_retries": 4,
                "dot11.client.rx_cryptset": 0,
                "dot11.client.tx_cryptset": 0,
                "dot11.client.type": 0
            }
        },
        "dot11.device.datasize": 1060,
        "dot11.device.datasize_retry": 470,
        "dot11.device.last_beacon_timestamp": 0,
        "dot11.device.last_beaconed_ssid": "",
        "dot11.device.last_beaconed_ssid_checksum": 0,
        "dot11.device.last_bssid": "70:BA:EF:E8:E4:D0",
        "dot11.device.last_probed_ssid": "nuaa.portal",
        "dot11.device.last_probed_ssid_csum": 438043749,
        "dot11.device.last_sequence": 0,
        "dot11.device.num_advertised_ssids": 0,
        "dot11.device.num_associated_clients": 0,
        "dot11.device.num_client_aps": 2,
        "dot11.device.num_fragments": 0,
        "dot11.device.num_probed_ssids": 1,
        "dot11.device.num_retries": 10,
        "dot11.device.probed_ssid_map": {
            "438043749": {
                "dot11.probedssid.bssid": "00:00:00:00:00:00",
                "dot11.probedssid.dot11r_mobility": 0,
                "dot11.probedssid.dot11r_mobility_domain_id": 0,
                "dot11.probedssid.first_time": 1540532032,
                "dot11.probedssid.last_time": 1540532412,
                "dot11.probedssid.ssid": "nuaa.portal",
                "dot11.probedssid.ssidlen": 11
            }
        },
        "dot11.device.typeset": 0,
        "dot11.device.wpa_anonce_list": [],
        "dot11.device.wpa_handshake_list": [],
        "dot11.device.wpa_nonce_list": [],
        "dot11.device.wpa_present_handshake": 0,
        "dot11.device.wps_m3_count": 0,
        "dot11.device.wps_m3_last": 0
    },
    "kismet.device.base.basic_crypt_set": 0,
    "kismet.device.base.basic_type_set": 2,
    "kismet.device.base.channel": "1",
    "kismet.device.base.commonname": "60:F6:77:1B:0A:CB",
    "kismet.device.base.crypt": "",
    "kismet.device.base.datasize": 1060,
    "kismet.device.base.datasize.rrd": {
        "kismet.common.rrd.aggregator": "default",
        "kismet.common.rrd.blank_val": 0,
        "kismet.common.rrd.day_vec": [
            0.0,
            0.0,
            0.0,
            0.0,
            0.0,
            0.0,
            0.0,
            0.0,
            0.0,
            0.0,
            0.0,
            0.0,
            0.0,
            0.0,
            0.0,
            0.0,
            0.0,
            0.0,
            0.0,
            0.0,
            0.0,
            0.0,
            0.0,
            0.0
        ],
        "kismet.common.rrd.hour_vec": [
            0.0,
            0.0,
            0.0,
            0.0,
            0.0,
            0.0,
            0.0,
            0.0,
            0.0,
            0.0,
            0.0,
            0.0,
            0.0,
            0.0,
            0.0,
            0.0,
            0.0,
            0.0,
            0.0,
            0.0,
            0.0,
            0.0,
            0.0,
            0.0,
            0.0,
            0.0,
            0.0,
            0.0,
            0.0,
            0.0,
            0.0,
            0.0,
            1.0,
            2.0,
            2.0,
            0.0,
            0.0,
            0.0,
            10.0,
            2.0,
            2.0,
            0.0,
            0.0,
            0.0,
            0.0,
            0.0,
            0.0,
            0.0,
            0.0,
            0.0,
            0.0,
            0.0,
            0.0,
            0.0,
            0.0,
            0.0,
            0.0,
            0.0,
            0.0,
            0.0
        ],
        "kismet.common.rrd.last_time": 1540532423,
        "kismet.common.rrd.minute_vec": [
            48.0,
            0.0,
            0.0,
            0.0,
            0.0,
            0.0,
            0.0,
            0.0,
            0.0,
            0.0,
            0.0,
            0.0,
            0.0,
            0.0,
            0.0,
            0.0,
            0.0,
            0.0,
            0.0,
            0.0,
            0.0,
            0.0,
            0.0,
            0.0,
            0.0,
            0.0,
            0.0,
            0.0,
            48.0,
            0.0,
            0.0,
            0.0,
            0.0,
            0.0,
            0.0,
            0.0,
            0.0,
            0.0,
            48.0,
            0.0,
            0.0,
            0.0,
            0.0,
            0.0,
            0.0,
            0.0,
            0.0,
            0.0,
            0.0,
            0.0,
            0.0,
            0.0,
            0.0,
            0.0,
            0.0,
            0.0,
            0.0,
            0.0,
            0.0,
            0.0
        ]
    },
    "kismet.device.base.first_time": 1540531954,
    "kismet.device.base.freq_khz_map": {
        "2412000.000000": 86.0
    },
    "kismet.device.base.frequency": 2412000.0,
    "kismet.device.base.key": "4202770D8207F047_CB0A1B77F6600000",
    "kismet.device.base.last_time": 1540532416,
    "kismet.device.base.macaddr": "60:F6:77:1B:0A:CB",
    "kismet.device.base.manuf": "Unknown",
    "kismet.device.base.mod_time": 1540532417,
    "kismet.device.base.name": "",
    "kismet.device.base.num_alerts": 0,
    "kismet.device.base.packet.bin.250": {
        "kismet.common.rrd.aggregator": "default",
        "kismet.common.rrd.blank_val": 0,
        "kismet.common.rrd.last_time": 1540532423,
        "kismet.common.rrd.minute_vec": [
            1.0,
            0.0,
            0.0,
            1.0,
            0.0,
            0.0,
            0.0,
            0.0,
            0.0,
            0.0,
            0.0,
            1.0,
            0.0,
            0.0,
            0.0,
            0.0,
            0.0,
            1.0,
            0.0,
            0.0,
            0.0,
            0.0,
            0.0,
            0.0,
            0.0,
            1.0,
            0.0,
            0.0,
            1.0,
            0.0,
            0.0,
            0.0,
            0.0,
            0.0,
            0.0,
            0.0,
            0.0,
            0.0,
            1.0,
            1.0,
            0.0,
            0.0,
            1.0,
            0.0,
            0.0,
            0.0,
            0.0,
            0.0,
            0.0,
            0.0,
            0.0,
            0.0,
            0.0,
            0.0,
            0.0,
            1.0,
            0.0,
            0.0,
            0.0,
            0.0
        ]
    },
    "kismet.device.base.packets.crypt": 0,
    "kismet.device.base.packets.data": 43,
    "kismet.device.base.packets.error": 0,
    "kismet.device.base.packets.filtered": 0,
    "kismet.device.base.packets.llc": 43,
    "kismet.device.base.packets.rrd": {
        "kismet.common.rrd.aggregator": "default",
        "kismet.common.rrd.blank_val": 0,
        "kismet.common.rrd.day_vec": [
            0.0,
            0.0,
            0.0,
            0.0,
            0.0,
            0.0,
            0.0,
            0.0,
            0.0,
            0.0,
            0.0,
            0.0,
            0.0,
            0.0,
            0.0,
            0.0,
            0.0,
            0.0,
            0.0,
            0.0,
            0.0,
            0.0,
            0.0,
            0.0
        ],
        "kismet.common.rrd.hour_vec": [
            0.0,
            0.0,
            0.0,
            0.0,
            0.0,
            0.0,
            0.0,
            0.0,
            0.0,
            0.0,
            0.0,
            0.0,
            0.0,
            0.0,
            0.0,
            0.0,
            0.0,
            0.0,
            0.0,
            0.0,
            0.0,
            0.0,
            0.0,
            0.0,
            0.0,
            0.0,
            0.0,
            0.0,
            0.0,
            0.0,
            0.0,
            0.0,
            0.0,
            0.0,
            0.0,
            0.0,
            0.0,
            0.0,
            0.0,
            0.0,
            0.0,
            0.0,
            0.0,
            0.0,
            0.0,
            0.0,
            0.0,
            0.0,
            0.0,
            0.0,
            0.0,
            0.0,
            0.0,
            0.0,
            0.0,
            0.0,
            0.0,
            0.0,
            0.0,
            0.0
        ],
        "kismet.common.rrd.last_time": 1540532423,
        "kismet.common.rrd.minute_vec": [
            1.0,
            0.0,
            0.0,
            1.0,
            0.0,
            0.0,
            0.0,
            0.0,
            0.0,
            0.0,
            0.0,
            1.0,
            5.0,
            0.0,
            0.0,
            0.0,
            0.0,
            1.0,
            0.0,
            0.0,
            0.0,
            0.0,
            0.0,
            0.0,
            0.0,
            1.0,
            0.0,
            0.0,
            1.0,
            0.0,
            0.0,
            0.0,
            0.0,
            0.0,
            0.0,
            0.0,
            0.0,
            0.0,
            1.0,
            1.0,
            0.0,
            0.0,
            1.0,
            0.0,
            0.0,
            0.0,
            0.0,
            0.0,
            0.0,
            0.0,
            0.0,
            0.0,
            0.0,
            0.0,
            0.0,
            1.0,
            0.0,
            0.0,
            0.0,
            0.0
        ]
    },
    "kismet.device.base.packets.rx": 0,
    "kismet.device.base.packets.total": 86,
    "kismet.device.base.packets.tx": 0,
    "kismet.device.base.phyname": "IEEE802.11",
    "kismet.device.base.seenby": {
        "-1625028444": {
            "kismet.common.seenby.first_time": 1540531954,
            "kismet.common.seenby.freq_khz_map": {
                "2412000.000000": 86.0
            },
            "kismet.common.seenby.last_time": 1540532416,
            "kismet.common.seenby.num_packets": 86,
            "kismet.common.seenby.signal": {
                "kismet.common.signal.carrierset": 5,
                "kismet.common.signal.encodingset": 3,
                "kismet.common.signal.last_noise": 0,
                "kismet.common.signal.last_signal": -61,
                "kismet.common.signal.max_noise": 0,
                "kismet.common.signal.max_signal": 0,
                "kismet.common.signal.maxseenrate": 180.0,
                "kismet.common.signal.min_noise": 0,
                "kismet.common.signal.min_signal": -61,
                "kismet.common.signal.signal_rrd": {
                    "kismet.common.rrd.aggregator": "peak_signal",
                    "kismet.common.rrd.blank_val": 0,
                    "kismet.common.rrd.last_time": 1540532423,
                    "kismet.common.rrd.minute_vec": [
                        -58.0,
                        0.0,
                        0.0,
                        -59.0,
                        0.0,
                        0.0,
                        0.0,
                        0.0,
                        0.0,
                        0.0,
                        0.0,
                        -59.0,
                        -37.0,
                        0.0,
                        0.0,
                        0.0,
                        0.0,
                        0.0,
                        0.0,
                        0.0,
                        0.0,
                        0.0,
                        0.0,
                        0.0,
                        0.0,
                        -56.0,
                        0.0,
                        0.0,
                        -58.0,
                        0.0,
                        0.0,
                        0.0,
                        0.0,
                        0.0,
                        0.0,
                        0.0,
                        0.0,
                        0.0,
                        -59.0,
                        -59.0,
                        0.0,
                        0.0,
                        -59.0,
                        0.0,
                        0.0,
                        0.0,
                        0.0,
                        0.0,
                        0.0,
                        0.0,
                        0.0,
                        0.0,
                        0.0,
                        0.0,
                        0.0,
                        -58.0,
                        0.0,
                        0.0,
                        0.0,
                        0.0
                    ]
                },
                "kismet.common.signal.type": "dbm"
            },
            "kismet.common.seenby.uuid": "5fe308bd-0000-0000-0000-00c0ca7ea641"
        }
    },
    "kismet.device.base.server_uuid": "444bfa94-d369-11e8-82e1-4b49534d4554",
    "kismet.device.base.signal": {
        "kismet.common.signal.carrierset": 5,
        "kismet.common.signal.encodingset": 3,
        "kismet.common.signal.last_noise": 0,
        "kismet.common.signal.last_signal": -61,
        "kismet.common.signal.max_noise": 0,
        "kismet.common.signal.max_signal": 0,
        "kismet.common.signal.maxseenrate": 180.0,
        "kismet.common.signal.min_noise": 0,
        "kismet.common.signal.min_signal": -61,
        "kismet.common.signal.signal_rrd": {
            "kismet.common.rrd.aggregator": "peak_signal",
            "kismet.common.rrd.blank_val": 0,
            "kismet.common.rrd.last_time": 1540532423,
            "kismet.common.rrd.minute_vec": [
                -58.0,
                0.0,
                0.0,
                -59.0,
                0.0,
                0.0,
                0.0,
                0.0,
                0.0,
                0.0,
                0.0,
                -59.0,
                -37.0,
                0.0,
                0.0,
                0.0,
                0.0,
                0.0,
                0.0,
                0.0,
                0.0,
                0.0,
                0.0,
                0.0,
                0.0,
                -56.0,
                0.0,
                0.0,
                -58.0,
                0.0,
                0.0,
                0.0,
                0.0,
                0.0,
                0.0,
                0.0,
                0.0,
                0.0,
                -59.0,
                -59.0,
                0.0,
                0.0,
                -59.0,
                0.0,
                0.0,
                0.0,
                0.0,
                0.0,
                0.0,
                0.0,
                0.0,
                0.0,
                0.0,
                0.0,
                0.0,
                -58.0,
                0.0,
                0.0,
                0.0,
                0.0
            ]
        },
        "kismet.common.signal.type": "dbm"
    },
    "kismet.device.base.tags": {},
    "kismet.device.base.type": "Wi-Fi Client",
    "kismet.device.base.username": ""
}