[
    {
        "kismet.datasource.capture_interface": "kismon0",
        "kismet.datasource.channel": "",
        "kismet.datasource.channels": [
            "1",
            "2",
            "3",
            "4",
            "5",
            "6",
            "7",
            "8",
            "9",
            "10",
            "11",
            "12",
            "13",
            "14"
        ],
        "kismet.datasource.definition": "wlx00c0ca7ea641",
        "kismet.datasource.dlt": 127,
        "kismet.datasource.error": 0,
        "kismet.datasource.error_reason": "",
        "kismet.datasource.hardware": "rtl8187",
        "kismet.datasource.hop_channels": [
            "1",
            "2",
            "3",
            "4",
            "5",
            "6",
            "7",
            "8",
            "9",
            "10",
            "11",
            "12",
            "13",
            "14"
        ],
        "kismet.datasource.hop_offset": 0,
        "kismet.datasource.hop_rate": 0.0,
        "kismet.datasource.hop_shuffle": 0,
        "kismet.datasource.hop_shuffle_skip": 4,
        "kismet.datasource.hop_split": 0,
        "kismet.datasource.hopping": 0,
        "kismet.datasource.info.amp_gain": 0.0,
        "kismet.datasource.info.amp_type": "",
        "kismet.datasource.info.antenna_beamwidth": 0.0,
        "kismet.datasource.info.antenna_gain": 0.0,
        "kismet.datasource.info.antenna_orientation": 0.0,
        "kismet.datasource.info.antenna_type": "",
        "kismet.datasource.interface": "wlx00c0ca7ea641",
        "kismet.datasource.ipc_binary": "kismet_cap_linux_wifi",
        "kismet.datasource.ipc_pid": 2332,
        "kismet.datasource.name": "wlx00c0ca7ea641",
        "kismet.datasource.num_error_packets": 0,
        "kismet.datasource.num_packets": 137628,
        "kismet.datasource.packets_rrd": {
            "kismet.common.rrd.aggregator": "default",
            "kismet.common.rrd.blank_val": 0,
            "kismet.common.rrd.last_time": 1540532493,
            "kismet.common.rrd.minute_vec": [
                91.0,
                161.0,
                142.0,
                228.0,
                0.0,
                183.0,
                209.0,
                223.0,
                300.0,
                223.0,
                179.0,
                173.0,
                204.0,
                109.0,
                231.0,
                241.0,
                188.0,
                224.0,
                180.0,
                182.0,
                138.0,
                214.0,
                263.0,
                194.0,
                223.0,
                216.0,
                150.0,
                126.0,
                196.0,
                187.0,
                249.0,
                327.0,
                266.0,
                0.0,
                293.0,
                244.0,
                171.0,
                193.0,
                174.0,
                264.0,
                241.0,
                199.0,
                299.0,
                316.0,
                232.0,
                330.0,
                209.0,
                277.0,
                222.0,
                215.0,
                310.0,
                208.0,
                213.0,
                319.0,
                346.0,
                404.0,
                175.0,
                339.0,
                230.0,
                219.0
            ]
        },
        "kismet.datasource.passive": 0,
        "kismet.datasource.paused": 0,
        "kismet.datasource.remote": 0,
        "kismet.datasource.retry": 1,
        "kismet.datasource.retry_attempts": 0,
        "kismet.datasource.running": 1,
        "kismet.datasource.source_key": 2669938852,
        "kismet.datasource.source_number": 1,
        "kismet.datasource.total_retry_attempts": 3,
        "kismet.datasource.type_driver": {
            "kismet.datasource.driver.description": "Capture from Linux Wi-Fi devices using (old) wireless extensions or (new) mac80211 controls",
            "kismet.datasource.driver.list_capable": 1,
            "kismet.datasource.driver.list_ipc": 0,
            "kismet.datasource.driver.local_capable": 1,
            "kismet.datasource.driver.local_ipc": 0,
            "kismet.datasource.driver.passive_capable": 0,
            "kismet.datasource.driver.probe_capable": 1,
            "kismet.datasource.driver.probe_ipc": 0,
            "kismet.datasource.driver.remote_capable": 1,
            "kismet.datasource.driver.tuning_capable": 1,
            "kismet.datasource.driver.type": "linuxwifi"
        },
        "kismet.datasource.uuid": "5fe308bd-0000-0000-0000-00c0ca7ea641",
        "kismet.datasource.warning": "System-wide wireless regulatory domain is set to '00'; this can cause problems setting channels.  If you encounter problems, set the regdom with a command like 'sudo iw reg set US' or whatever country is appropriate for your location."
    }
]
